[debug] [2020-09-29T20:07:11.220Z] ----------------------------------------------------------------------
[debug] [2020-09-29T20:07:11.222Z] Command:       /home/florent/Applications/node-v10.15.1-linux-x64/bin/node /home/florent/VisualStudioCode/workout-piano/node_modules/.bin/firebase deploy --only hosting:workout-piano
[debug] [2020-09-29T20:07:11.223Z] CLI Version:   8.10.0
[debug] [2020-09-29T20:07:11.223Z] Platform:      linux
[debug] [2020-09-29T20:07:11.223Z] Node Version:  v10.15.1
[debug] [2020-09-29T20:07:11.223Z] Time:          Tue Sep 29 2020 22:07:11 GMT+0200 (GMT+02:00)
[debug] [2020-09-29T20:07:11.223Z] ----------------------------------------------------------------------
[debug] [2020-09-29T20:07:11.223Z] 
[debug] [2020-09-29T20:07:11.237Z] > command requires scopes: ["email","openid","https://www.googleapis.com/auth/cloudplatformprojects.readonly","https://www.googleapis.com/auth/firebase","https://www.googleapis.com/auth/cloud-platform"]
[debug] [2020-09-29T20:07:11.237Z] > authorizing via signed-in user
[debug] [2020-09-29T20:07:11.237Z] [iam] checking project my-fun-project-c8e00 for permissions ["firebase.projects.get","firebasehosting.sites.update"]
[debug] [2020-09-29T20:07:11.240Z] > refreshing access token with scopes: ["email","https://www.googleapis.com/auth/cloud-platform","https://www.googleapis.com/auth/cloudplatformprojects.readonly","https://www.googleapis.com/auth/firebase","openid"]
[debug] [2020-09-29T20:07:11.240Z] >>> HTTP REQUEST POST https://www.googleapis.com/oauth2/v3/token  
 <request body omitted>
[debug] [2020-09-29T20:07:11.401Z] <<< HTTP RESPONSE 200 {"content-type":"application/json; charset=utf-8","vary":"X-Origin, Referer, Origin,Accept-Encoding","date":"Tue, 29 Sep 2020 20:07:11 GMT","server":"scaffolding on HTTPServer2","cache-control":"private","x-xss-protection":"0","x-frame-options":"SAMEORIGIN","x-content-type-options":"nosniff","alt-svc":"h3-Q050=\":443\"; ma=2592000,h3-29=\":443\"; ma=2592000,h3-27=\":443\"; ma=2592000,h3-T051=\":443\"; ma=2592000,h3-T050=\":443\"; ma=2592000,h3-Q046=\":443\"; ma=2592000,h3-Q043=\":443\"; ma=2592000,quic=\":443\"; ma=2592000; v=\"46,43\"","accept-ranges":"none","transfer-encoding":"chunked"}
[debug] [2020-09-29T20:07:11.438Z] >>> HTTP REQUEST POST https://cloudresourcemanager.googleapis.com/v1/projects/my-fun-project-c8e00:testIamPermissions  
 {"permissions":["firebase.projects.get","firebasehosting.sites.update"]}
[debug] [2020-09-29T20:07:12.233Z] <<< HTTP RESPONSE 200 {"content-type":"application/json; charset=UTF-8","vary":"X-Origin, Referer, Origin,Accept-Encoding","date":"Tue, 29 Sep 2020 20:07:12 GMT","server":"ESF","cache-control":"private","x-xss-protection":"0","x-frame-options":"SAMEORIGIN","x-content-type-options":"nosniff","server-timing":"gfet4t7; dur=634","alt-svc":"h3-Q050=\":443\"; ma=2592000,h3-29=\":443\"; ma=2592000,h3-27=\":443\"; ma=2592000,h3-T051=\":443\"; ma=2592000,h3-T050=\":443\"; ma=2592000,h3-Q046=\":443\"; ma=2592000,h3-Q043=\":443\"; ma=2592000,quic=\":443\"; ma=2592000; v=\"46,43\"","accept-ranges":"none","transfer-encoding":"chunked"}
[debug] [2020-09-29T20:07:12.237Z] >>> HTTP REQUEST GET https://firebase.googleapis.com/v1beta1/projects/my-fun-project-c8e00  
 
[debug] [2020-09-29T20:07:12.540Z] <<< HTTP RESPONSE 200 {"content-type":"application/json; charset=UTF-8","vary":"X-Origin, Referer, Origin,Accept-Encoding","date":"Tue, 29 Sep 2020 20:07:12 GMT","server":"ESF","cache-control":"private","x-xss-protection":"0","x-frame-options":"SAMEORIGIN","x-content-type-options":"nosniff","alt-svc":"h3-Q050=\":443\"; ma=2592000,h3-29=\":443\"; ma=2592000,h3-27=\":443\"; ma=2592000,h3-T051=\":443\"; ma=2592000,h3-T050=\":443\"; ma=2592000,h3-Q046=\":443\"; ma=2592000,h3-Q043=\":443\"; ma=2592000,quic=\":443\"; ma=2592000; v=\"46,43\"","accept-ranges":"none","transfer-encoding":"chunked"}
[info] 
[info] === Deploying to 'my-fun-project-c8e00'...
[info] 
[info] i  deploying hosting 
[debug] [2020-09-29T20:07:12.546Z] >>> HTTP REQUEST POST https://firebasehosting.googleapis.com/v1beta1/sites/workout-piano/versions  
 {"config":{"rewrites":[{"glob":"**","path":"/index.html"}]},"labels":{"deployment-tool":"cli-firebase"}}
[debug] [2020-09-29T20:07:13.975Z] <<< HTTP RESPONSE 200 {"content-type":"application/json; charset=UTF-8","vary":"X-Origin, Referer, Origin,Accept-Encoding","date":"Tue, 29 Sep 2020 20:07:13 GMT","server":"ESF","cache-control":"private","x-xss-protection":"0","x-frame-options":"SAMEORIGIN","x-content-type-options":"nosniff","alt-svc":"h3-Q050=\":443\"; ma=2592000,h3-29=\":443\"; ma=2592000,h3-27=\":443\"; ma=2592000,h3-T051=\":443\"; ma=2592000,h3-T050=\":443\"; ma=2592000,h3-Q046=\":443\"; ma=2592000,h3-Q043=\":443\"; ma=2592000,quic=\":443\"; ma=2592000; v=\"46,43\"","accept-ranges":"none","transfer-encoding":"chunked"}
[info] i  hosting[workout-piano]: beginning deploy... 
[info] i  hosting[workout-piano]: found 23 files in build 
